*** Starting uWSGI 2.0.22 (64bit) on [Mon Sep 11 16:09:45 2023] ***
compiled with version: 13.2.1 20230730 on 01 August 2023 23:39:57
os: Linux-6.4.12-arch1-1 #1 SMP PREEMPT_DYNAMIC Thu, 24 Aug 2023 00:38:14 +0000
nodename: asuslaptop
machine: x86_64
clock source: unix
pcre jit disabled
detected number of CPU cores: 2
current working directory: /home/konrad/Desktop/booking/booking
detected binary path: /usr/sbin/uwsgi
chdir() to /home/konrad/Desktop/booking/booking
your processes number limit is 15604
your memory page size is 4096 bytes
detected max file descriptor number: 524288
lock engine: pthread robust mutexes
thunder lock: disabled (you can enable it with --thunder-lock)
uwsgi socket 0 bound to TCP address 0.0.0.0:8000 fd 6
Python version: 3.11.5 (main, Aug 28 2023, 20:02:58) [GCC 13.2.1 20230801]
!!! Python Home is not a directory: /booking/venv !!!
Set PythonHome to /booking/venv
Python path configuration:
  PYTHONHOME = '/booking/venv'
  PYTHONPATH = (not set)
  program name = '/booking/venv/bin/python'
  isolated = 0
  environment = 1
  user site = 1
  safe_path = 0
  import site = 1
  is in build tree = 0
  stdlib dir = '/booking/venv/lib/python3.11'
  sys._base_executable = '/booking/venv/bin/python'
  sys.base_prefix = '/booking/venv'
  sys.base_exec_prefix = '/booking/venv'
  sys.platlibdir = 'lib'
  sys.executable = '/booking/venv/bin/python'
  sys.prefix = '/booking/venv'
  sys.exec_prefix = '/booking/venv'
  sys.path = [
    '/booking/venv/lib/python311.zip',
    '/booking/venv/lib/python3.11',
    '/booking/venv/lib/python3.11/lib-dynload',
  ]
Fatal Python error: init_fs_encoding: failed to get the Python codec of the filesystem encoding
Python runtime state: core initialized
*** Starting uWSGI 2.0.22 (64bit) on [Mon Sep 11 16:24:02 2023] ***
compiled with version: 13.2.1 20230730 on 01 August 2023 23:39:57
os: Linux-6.4.12-arch1-1 #1 SMP PREEMPT_DYNAMIC Thu, 24 Aug 2023 00:38:14 +0000
nodename: asuslaptop
machine: x86_64
clock source: unix
pcre jit disabled
detected number of CPU cores: 2
current working directory: /home/konrad/Desktop/booking/booking
detected binary path: /usr/sbin/uwsgi
chdir() to /home/konrad/Desktop/booking/booking
your processes number limit is 15604
your memory page size is 4096 bytes
detected max file descriptor number: 524288
lock engine: pthread robust mutexes
thunder lock: disabled (you can enable it with --thunder-lock)
uwsgi socket 0 bound to TCP address 0.0.0.0:8000 fd 6
your server socket listen backlog is limited to 100 connections
your mercy for graceful operations on workers is 60 seconds
mapped 218760 bytes (213 KB) for 2 cores
*** Operational MODE: preforking ***
*** no app loaded. going in full dynamic mode ***
*** uWSGI is running in multiple interpreter mode ***
spawned uWSGI master process (pid: 2004)
spawned uWSGI worker 1 (pid: 2005, cores: 1)
spawned uWSGI worker 2 (pid: 2006, cores: 1)
...brutally killing workers...
worker 1 buried after 1 seconds
worker 2 buried after 1 seconds
binary reloading uWSGI...
chdir() to /home/konrad/Desktop/booking/booking
closing all non-uwsgi socket fds > 2 (max_fd = 524288)...
found fd 6 mapped to socket 0 (0.0.0.0:8000)
running /usr/sbin/uwsgi
[uWSGI] getting INI configuration from uwsgi.ini
*** Starting uWSGI 2.0.22 (64bit) on [Mon Sep 11 17:09:24 2023] ***
compiled with version: 13.2.1 20230730 on 01 August 2023 23:39:57
os: Linux-6.4.12-arch1-1 #1 SMP PREEMPT_DYNAMIC Thu, 24 Aug 2023 00:38:14 +0000
nodename: asuslaptop
machine: x86_64
clock source: unix
pcre jit disabled
detected number of CPU cores: 2
current working directory: /home/konrad/Desktop/booking/booking
detected binary path: /usr/sbin/uwsgi
chdir() to /home/konrad/Desktop/booking/booking
your processes number limit is 15604
your memory page size is 4096 bytes
detected max file descriptor number: 524288
lock engine: pthread robust mutexes
thunder lock: disabled (you can enable it with --thunder-lock)
uwsgi socket 0 inherited INET address 0.0.0.0:8000 fd 6
your server socket listen backlog is limited to 100 connections
your mercy for graceful operations on workers is 60 seconds
mapped 218760 bytes (213 KB) for 2 cores
*** Operational MODE: preforking ***
*** no app loaded. going in full dynamic mode ***
*** uWSGI is running in multiple interpreter mode ***
gracefully (RE)spawned uWSGI master process (pid: 2004)
spawned uWSGI worker 1 (pid: 4211, cores: 1)
spawned uWSGI worker 2 (pid: 4212, cores: 1)
